<?xml version="1.0" encoding="UTF-8"?>
<testng-results skipped="0" failed="1" ignored="1" total="3" passed="1">
  <reporter-output>
  </reporter-output>
  <suite name="automationAbhinawDemo" duration-ms="1288" started-at="2019-07-02T21:38:13Z" finished-at="2019-07-02T21:38:14Z">
    <groups>
      <group name="checkinTests">
        <method signature="TC_001_SuccessfulLogin.PassTest()[pri:0, instance:com.automationAbhinawDemo.test.TC_001_SuccessfulLogin@7f9a81e8]" name="PassTest" class="com.automationAbhinawDemo.test.TC_001_SuccessfulLogin"/>
        <method signature="TC_001_SuccessfulLogin.login()[pri:0, instance:com.automationAbhinawDemo.test.TC_001_SuccessfulLogin@7f9a81e8]" name="login" class="com.automationAbhinawDemo.test.TC_001_SuccessfulLogin"/>
      </group> <!-- checkinTests -->
    </groups>
    <test name="abhinawAutomationDemo" duration-ms="1288" started-at="2019-07-02T21:38:13Z" finished-at="2019-07-02T21:38:14Z">
      <class name="com.automationAbhinawDemo.test.TC_001_SuccessfulLogin">
        <test-method status="PASS" signature="PassTest()[pri:0, instance:com.automationAbhinawDemo.test.TC_001_SuccessfulLogin@7f9a81e8]" name="PassTest" duration-ms="14" started-at="2019-07-02T21:38:13Z" finished-at="2019-07-02T21:38:13Z">
          <reporter-output>
          </reporter-output>
        </test-method> <!-- PassTest -->
        <test-method status="FAIL" signature="login()[pri:0, instance:com.automationAbhinawDemo.test.TC_001_SuccessfulLogin@7f9a81e8]" name="login" duration-ms="86" started-at="2019-07-02T21:38:13Z" finished-at="2019-07-02T21:38:13Z">
          <exception class="java.lang.NullPointerException">
            <full-stacktrace>
              <![CDATA[java.lang.NullPointerException
at com.automationAbhinawDemo.utilities.FunctionUtils.highlightElement(FunctionUtils.java:44)
at com.automationAbhinawDemo.pageobjects.SignInPage.setUserName(SignInPage.java:48)
at com.automationAbhinawDemo.test.TC_001_SuccessfulLogin.login(TC_001_SuccessfulLogin.java:19)
at sun.reflect.NativeMethodAccessorImpl.invoke0(Native Method)
at sun.reflect.NativeMethodAccessorImpl.invoke(Unknown Source)
at sun.reflect.DelegatingMethodAccessorImpl.invoke(Unknown Source)
at java.lang.reflect.Method.invoke(Unknown Source)
at org.testng.internal.MethodInvocationHelper.invokeMethod(MethodInvocationHelper.java:124)
at org.testng.internal.Invoker.invokeMethod(Invoker.java:580)
at org.testng.internal.Invoker.invokeTestMethod(Invoker.java:716)
at org.testng.internal.Invoker.invokeTestMethods(Invoker.java:988)
at org.testng.internal.TestMethodWorker.invokeTestMethods(TestMethodWorker.java:125)
at org.testng.internal.TestMethodWorker.run(TestMethodWorker.java:109)
at org.testng.TestRunner.privateRun(TestRunner.java:648)
at org.testng.TestRunner.run(TestRunner.java:505)
at org.testng.SuiteRunner.runTest(SuiteRunner.java:455)
at org.testng.SuiteRunner.runSequentially(SuiteRunner.java:450)
at org.testng.SuiteRunner.privateRun(SuiteRunner.java:415)
at org.testng.SuiteRunner.run(SuiteRunner.java:364)
at org.testng.SuiteRunnerWorker.runSuite(SuiteRunnerWorker.java:52)
at org.testng.SuiteRunnerWorker.run(SuiteRunnerWorker.java:84)
at org.testng.TestNG.runSuitesSequentially(TestNG.java:1208)
at org.testng.TestNG.runSuitesLocally(TestNG.java:1137)
at org.testng.TestNG.runSuites(TestNG.java:1049)
at org.testng.TestNG.run(TestNG.java:1017)
at org.apache.maven.surefire.testng.TestNGExecutor.run(TestNGExecutor.java:283)
at org.apache.maven.surefire.testng.TestNGXmlTestSuite.execute(TestNGXmlTestSuite.java:75)
at org.apache.maven.surefire.testng.TestNGProvider.invoke(TestNGProvider.java:120)
at org.apache.maven.surefire.booter.ForkedBooter.invokeProviderInSameClassLoader(ForkedBooter.java:384)
at org.apache.maven.surefire.booter.ForkedBooter.runSuitesInProcess(ForkedBooter.java:345)
at org.apache.maven.surefire.booter.ForkedBooter.execute(ForkedBooter.java:126)
at org.apache.maven.surefire.booter.ForkedBooter.main(ForkedBooter.java:418)
]]>
            </full-stacktrace>
          </exception> <!-- java.lang.NullPointerException -->
          <reporter-output>
          </reporter-output>
        </test-method> <!-- login -->
      </class> <!-- com.automationAbhinawDemo.test.TC_001_SuccessfulLogin -->
    </test> <!-- abhinawAutomationDemo -->
  </suite> <!-- automationAbhinawDemo -->
</testng-results>
