<?xml version="1.0" encoding="UTF-8"?>
<testsuite xmlns:xsi="http://www.w3.org/2001/XMLSchema-instance" xsi:noNamespaceSchemaLocation="https://maven.apache.org/surefire/maven-surefire-plugin/xsd/surefire-test-report-3.0.xsd" version="3.0" name="TestSuite" time="3.28" tests="2" errors="0" skipped="0" failures="1">
  <properties>
[...]
</properties>
  <testcase name="PassTest" classname="com.automationAbhinawDemo.test.TC_001_SuccessfulLogin" time="0.042"/>
  <testcase name="login" classname="com.automationAbhinawDemo.test.TC_001_SuccessfulLogin" time="0.53">
    <failure type="java.lang.NullPointerException">java.lang.NullPointerException
	at com.automationAbhinawDemo.test.TC_001_SuccessfulLogin.login(TC_001_SuccessfulLogin.java:19)
</failure>
    <system-out><![CDATA[Test1
Test1
]]></system-out>
  </testcase>
</testsuite>