-------------------------------------------------------------------------------
Test set: TestSuite
-------------------------------------------------------------------------------
Tests run: 2, Failures: 1, Errors: 0, Skipped: 0, Time elapsed: 3.28 s <<< FAILURE! - in TestSuite
login(com.automationAbhinawDemo.test.TC_001_SuccessfulLogin)  Time elapsed: 0.53 s  <<< FAILURE!
java.lang.NullPointerException
	at com.automationAbhinawDemo.test.TC_001_SuccessfulLogin.login(TC_001_SuccessfulLogin.java:19)

