<?xml version="1.0" encoding="UTF-8"?>
<!-- Generated by org.testng.reporters.JUnitXMLReporter -->
<testsuite hostname="Dell-Abhinaw" ignored="1" name="abhinawAutomationDemo" tests="2" failures="1" timestamp="02 Jul 2019 21:38:14 GMT" time="1.288" errors="0">
  <testcase name="PassTest" time="0.014" classname="com.automationAbhinawDemo.test.TC_001_SuccessfulLogin"/>
  <testcase name="login" time="0.086" classname="com.automationAbhinawDemo.test.TC_001_SuccessfulLogin">
    <failure type="java.lang.NullPointerException">
      <![CDATA[java.lang.NullPointerException
at com.automationAbhinawDemo.utilities.FunctionUtils.highlightElement(FunctionUtils.java:44)
at com.automationAbhinawDemo.pageobjects.SignInPage.setUserName(SignInPage.java:48)
at com.automationAbhinawDemo.test.TC_001_SuccessfulLogin.login(TC_001_SuccessfulLogin.java:19)
... Removed 29 stack frames]]>
    </failure>
  </testcase> <!-- login -->
  <testcase name="skipTest" time="0.0" classname="com.automationAbhinawDemo.test.TC_001_SuccessfulLogin">
    <ignored/>
  </testcase> <!-- skipTest -->
</testsuite> <!-- abhinawAutomationDemo -->
